Using pre-set license
Built from '2020.3/staging' branch; Version is '2020.3.11f1 (99c7afb366b3) revision 10078127'; Using compiler version '192528614'; Build Type 'Release'
OS: 'Windows 10 Home; OS build 22000.978; Version 2009; 64bit' Language: 'en' Physical Memory: 16086 MB
BatchMode: 1, IsHumanControllingUs: 0, StartBugReporterOnCrash: 0, Is64bit: 1, IsPro: 0

 COMMAND LINE ARGUMENTS:
C:\Program Files\Unity\Hub\Editor\2020.3.11f1\Editor\Unity.exe
-adb2
-batchMode
-noUpm
-name
AssetImportWorker0
-projectPath
C:/Users/adona/Doctor Lasso
-logFile
Logs/AssetImportWorker0.log
-srvPort
64293
Successfully changed project path to: C:/Users/adona/Doctor Lasso
C:/Users/adona/Doctor Lasso
Using Asset Import Pipeline V2.
Refreshing native plugins compatible for Editor in 94.13 ms, found 3 plugins.
Preloading 0 native plugins for Editor in 0.00 ms.
Initialize engine version: 2020.3.11f1 (99c7afb366b3)
[Subsystems] Discovering subsystems at path C:/Program Files/Unity/Hub/Editor/2020.3.11f1/Editor/Data/Resources/UnitySubsystems
[Subsystems] Discovering subsystems at path C:/Users/adona/Doctor Lasso/Assets
GfxDevice: creating device client; threaded=0
Direct3D:
    Version:  Direct3D 11.0 [level 11.1]
    Renderer: Intel(R) UHD Graphics (ID=0x9b41)
    Vendor:   
    VRAM:     8043 MB
    Driver:   30.0.100.9864
Initialize mono
Mono path[0] = 'C:/Program Files/Unity/Hub/Editor/2020.3.11f1/Editor/Data/Managed'
Mono path[1] = 'C:/Program Files/Unity/Hub/Editor/2020.3.11f1/Editor/Data/MonoBleedingEdge/lib/mono/unityjit'
Mono config path = 'C:/Program Files/Unity/Hub/Editor/2020.3.11f1/Editor/Data/MonoBleedingEdge/etc'
Using monoOptions --debugger-agent=transport=dt_socket,embedding=1,server=y,suspend=n,address=127.0.0.1:56684
Begin MonoManager ReloadAssembly
Registering precompiled unity dll's ...
Register platform support module: C:/Program Files/Unity/Hub/Editor/2020.3.11f1/Editor/Data/PlaybackEngines/WindowsStandaloneSupport/UnityEditor.WindowsStandalone.Extensions.dll
Registered in 0.003805 seconds.
Native extension for WindowsStandalone target not found
Refreshing native plugins compatible for Editor in 75.54 ms, found 3 plugins.
Preloading 0 native plugins for Editor in 0.00 ms.
Mono: successfully reloaded assembly
- Completed reload, in  2.521 seconds
Platform modules already initialized, skipping
Registering precompiled user dll's ...
Registered in 0.009861 seconds.
Begin MonoManager ReloadAssembly
Native extension for WindowsStandalone target not found
Refreshing native plugins compatible for Editor in 74.17 ms, found 3 plugins.
Preloading 0 native plugins for Editor in 0.00 ms.
Mono: successfully reloaded assembly
- Completed reload, in  2.385 seconds
Platform modules already initialized, skipping
========================================================================
Worker process is ready to serve import requests
Launched and connected shader compiler UnityShaderCompiler.exe after 0.08 seconds
Refreshing native plugins compatible for Editor in 0.63 ms, found 3 plugins.
Preloading 0 native plugins for Editor in 0.00 ms.
Unloading 2080 Unused Serialized files (Serialized files now loaded: 0)
System memory in use before: 92.9 MB.
System memory in use after: 92.9 MB.

Unloading 33 unused Assets to reduce memory usage. Loaded Objects now: 2513.
Total: 3.550400 ms (FindLiveObjects: 0.327400 ms CreateObjectMapping: 0.152400 ms MarkObjects: 2.895400 ms  DeleteObjects: 0.173400 ms)

========================================================================
Received Import Request.
  path: Assets/Animation/Sick cows_0.controller
  artifactKey: Guid(169a9806b55a424439fbeb173c34825f) Importer(815301076,1909f56bfc062723c751e8b465ee728b)
Start importing Assets/Animation/Sick cows_0.controller using Guid(169a9806b55a424439fbeb173c34825f) Importer(815301076,1909f56bfc062723c751e8b465ee728b)  -> (artifact id: 'acb94a4ae08023b62cd3dfbceae4651f') in 0.099136 seconds
  Import took 0.106913 seconds .

========================================================================
Received Prepare
Refreshing native plugins compatible for Editor in 8.04 ms, found 3 plugins.
Preloading 0 native plugins for Editor in 0.00 ms.
Unloading 19 Unused Serialized files (Serialized files now loaded: 0)
System memory in use before: 52.1 MB.
System memory in use after: 52.1 MB.

Unloading 19 unused Assets to reduce memory usage. Loaded Objects now: 2513.
Total: 3.788400 ms (FindLiveObjects: 0.242200 ms CreateObjectMapping: 0.114600 ms MarkObjects: 3.267100 ms  DeleteObjects: 0.163200 ms)

========================================================================
Received Prepare
Registering precompiled user dll's ...
Registered in 0.007771 seconds.
Begin MonoManager ReloadAssembly
Native extension for WindowsStandalone target not found
Refreshing native plugins compatible for Editor in 0.64 ms, found 3 plugins.
Preloading 0 native plugins for Editor in 0.00 ms.
Mono: successfully reloaded assembly
- Completed reload, in  3.044 seconds
Platform modules already initialized, skipping
Refreshing native plugins compatible for Editor in 1.32 ms, found 3 plugins.
Preloading 0 native plugins for Editor in 0.00 ms.
Unloading 2075 Unused Serialized files (Serialized files now loaded: 0)
System memory in use before: 92.9 MB.
System memory in use after: 92.9 MB.

Unloading 21 unused Assets to reduce memory usage. Loaded Objects now: 2517.
Total: 4.260900 ms (FindLiveObjects: 0.657900 ms CreateObjectMapping: 0.311700 ms MarkObjects: 3.001100 ms  DeleteObjects: 0.275700 ms)

AssetImportWorkerClient::OnTransportError - code=2 error=End of file
